Building DAG of jobs...
Using shell: /bin/bash
Provided cores: 1 (use --cores to define parallelism)
Rules claiming more threads will be scaled down.
Job counts:
	count	jobs
	1	all
	4	combine_metrics
	2	make_predictions
	4	plot_prepped_data
	1	prep_ann_temp
	1	prep_io_data
	1	train_model
	14

[Wed Apr 21 18:12:13 2021]
rule prep_io_data:
    input: DRB_data/obs_temp_subset, DRB_data/obs_flow_subset, DRB_data/uncal_sntemp_input_output_subset, DRB_data/distance_matrix_subset.npz
    output: DRB_output/prepped.npz
    jobid: 4
    wildcards: outdir=DRB_output

[Wed Apr 21 18:12:23 2021]
Finished job 4.
1 of 14 steps (7%) done

[Wed Apr 21 18:12:23 2021]
rule plot_prepped_data:
    input: DRB_output/prepped.npz
    output: DRB_output/temp_trn.png
    jobid: 9
    wildcards: outdir=DRB_output, variable=temp, partition=trn

[Wed Apr 21 18:12:38 2021]
Finished job 9.
2 of 14 steps (14%) done

[Wed Apr 21 18:12:38 2021]
rule plot_prepped_data:
    input: DRB_output/prepped.npz
    output: DRB_output/flow_trn.png
    jobid: 11
    wildcards: outdir=DRB_output, variable=flow, partition=trn

[Wed Apr 21 18:12:49 2021]
Finished job 11.
3 of 14 steps (21%) done

[Wed Apr 21 18:12:49 2021]
rule plot_prepped_data:
    input: DRB_output/prepped.npz
    output: DRB_output/flow_tst.png
    jobid: 12
    wildcards: outdir=DRB_output, variable=flow, partition=tst

[Wed Apr 21 18:12:58 2021]
Finished job 12.
4 of 14 steps (29%) done

[Wed Apr 21 18:12:58 2021]
rule plot_prepped_data:
    input: DRB_output/prepped.npz
    output: DRB_output/temp_tst.png
    jobid: 10
    wildcards: outdir=DRB_output, variable=temp, partition=tst

[Wed Apr 21 18:13:09 2021]
Finished job 10.
5 of 14 steps (36%) done

[Wed Apr 21 18:13:09 2021]
rule train_model:
    input: DRB_output/prepped.npz
    output: DRB_output/trained_model, DRB_output/pretrained_model
    jobid: 3
    wildcards: outdir=DRB_output

[Wed Apr 21 18:22:43 2021]
Finished job 3.
6 of 14 steps (43%) done

[Wed Apr 21 18:22:43 2021]
rule make_predictions:
    input: DRB_output/trained_model, DRB_output/prepped.npz
    output: DRB_output/trn_preds.feather
    jobid: 2
    wildcards: outdir=DRB_output, partition=trn

[Wed Apr 21 18:24:32 2021]
Finished job 2.
7 of 14 steps (50%) done

[Wed Apr 21 18:24:32 2021]
rule make_predictions:
    input: DRB_output/trained_model, DRB_output/prepped.npz
    output: DRB_output/tst_preds.feather
    jobid: 5
    wildcards: outdir=DRB_output, partition=tst

[Wed Apr 21 18:26:18 2021]
Finished job 5.
8 of 14 steps (57%) done

[Wed Apr 21 18:26:18 2021]
rule combine_metrics:
    input: DRB_data/obs_temp_subset, DRB_data/obs_flow_subset, DRB_output/trn_preds.feather, DRB_output/tst_preds.feather
    output: DRB_output/reach_metrics.csv
    jobid: 7
    wildcards: outdir=DRB_output, metric_type=reach

[Wed Apr 21 18:26:39 2021]
Finished job 7.
9 of 14 steps (64%) done

[Wed Apr 21 18:26:39 2021]
rule combine_metrics:
    input: DRB_data/obs_temp_subset, DRB_data/obs_flow_subset, DRB_output/trn_preds.feather, DRB_output/tst_preds.feather
    output: DRB_output/month_reach_metrics.csv
    jobid: 8
    wildcards: outdir=DRB_output, metric_type=month_reach

[Wed Apr 21 18:27:46 2021]
Finished job 8.
10 of 14 steps (71%) done

[Wed Apr 21 18:27:46 2021]
rule combine_metrics:
    input: DRB_data/obs_temp_subset, DRB_data/obs_flow_subset, DRB_output/trn_preds.feather, DRB_output/tst_preds.feather
    output: DRB_output/overall_metrics.csv
    jobid: 1
    wildcards: outdir=DRB_output, metric_type=overall

[Wed Apr 21 18:28:03 2021]
Finished job 1.
11 of 14 steps (79%) done

[Wed Apr 21 18:28:03 2021]
rule combine_metrics:
    input: DRB_data/obs_temp_subset, DRB_data/obs_flow_subset, DRB_output/trn_preds.feather, DRB_output/tst_preds.feather
    output: DRB_output/month_metrics.csv
    jobid: 6
    wildcards: outdir=DRB_output, metric_type=month

[Wed Apr 21 18:28:22 2021]
Finished job 6.
12 of 14 steps (86%) done

[Wed Apr 21 18:28:22 2021]
rule prep_ann_temp:
    input: DRB_data/obs_temp_subset, DRB_data/uncal_sntemp_input_output_subset
    output: DRB_output/GW.npz
    jobid: 13
    wildcards: outdir=DRB_output

[Wed Apr 21 18:53:10 2021]
Finished job 13.
13 of 14 steps (93%) done

[Wed Apr 21 18:53:10 2021]
localrule all:
    input: DRB_output/overall_metrics.csv, DRB_output/month_metrics.csv, DRB_output/reach_metrics.csv, DRB_output/month_reach_metrics.csv, DRB_output/temp_trn.png, DRB_output/temp_tst.png, DRB_output/flow_trn.png, DRB_output/flow_tst.png, DRB_output/GW.npz
    jobid: 0

[Wed Apr 21 18:53:10 2021]
Finished job 0.
14 of 14 steps (100%) done
Complete log: /home/jovyan/river-dl/.snakemake/log/2021-04-21T181209.062099.snakemake.log
