Building DAG of jobs...
Using shell: /bin/bash
Provided cores: 1 (use --cores to define parallelism)
Rules claiming more threads will be scaled down.
Job counts:
	count	jobs
	1	all
	1	calc_gw_summary_metrics
	4	combine_metrics
	1	compile_pred_GW_stats
	2	make_predictions
	4	plot_prepped_data
	1	prep_ann_temp
	1	prep_io_data
	1	train_model
	16

[Thu Apr 22 20:36:37 2021]
rule prep_io_data:
    input: DRB_data/obs_temp_subset, DRB_data/obs_flow_subset, DRB_data/uncal_sntemp_input_output_subset, DRB_data/distance_matrix_subset.npz
    output: DRB_outputs/prepped.npz
    jobid: 4
    wildcards: outdir=DRB_outputs

[Thu Apr 22 20:36:49 2021]
Finished job 4.
1 of 16 steps (6%) done

[Thu Apr 22 20:36:49 2021]
rule train_model:
    input: DRB_outputs/prepped.npz
    output: DRB_outputs/trained_model, DRB_outputs/pretrained_model
    jobid: 3
    wildcards: outdir=DRB_outputs

